<?xml version="1.0" encoding="UTF-8"?>
<!-- Generated by org.testng.reporters.JUnitReportReporter -->
<testsuite hostname="APSPNQ01LTP74" name="testCases.Bookmarks" tests="1" failures="0" timestamp="27 Apr 2018 11:31:00 GMT" time="0.301" errors="1">
  <testcase name="executeScipt" time="0.301" classname="testCases.Bookmarks">
    <error type="java.lang.IllegalArgumentException" message="C:\Users\MS412651\git\CC_Regression\.\Extensions\extension_1_0_10.crx does not exist">
      <![CDATA[java.lang.IllegalArgumentException: C:\Users\MS412651\git\CC_Regression\.\Extensions\extension_1_0_10.crx does not exist
	at com.google.common.base.Preconditions.checkArgument(Preconditions.java:146)
	at org.openqa.selenium.chrome.ChromeOptions.addExtensions(ChromeOptions.java:145)
	at org.openqa.selenium.chrome.ChromeOptions.addExtensions(ChromeOptions.java:133)
	at testCases.Base.invokeChromeBrowserwithExtension(Base.java:80)
	at testCases.Base.driverInsWindows(Base.java:232)
	at testCases.Base.driverIns(Base.java:384)
	at testCases.Bookmarks.executeScipt(Bookmarks.java:33)
	at sun.reflect.NativeMethodAccessorImpl.invoke0(Native Method)
	at sun.reflect.NativeMethodAccessorImpl.invoke(Unknown Source)
	at sun.reflect.DelegatingMethodAccessorImpl.invoke(Unknown Source)
	at java.lang.reflect.Method.invoke(Unknown Source)
	at org.testng.internal.MethodInvocationHelper.invokeMethod(MethodInvocationHelper.java:85)
	at org.testng.internal.Invoker.invokeMethod(Invoker.java:639)
	at org.testng.internal.Invoker.invokeTestMethod(Invoker.java:816)
	at org.testng.internal.Invoker.invokeTestMethods(Invoker.java:1124)
	at org.testng.internal.TestMethodWorker.invokeTestMethods(TestMethodWorker.java:125)
	at org.testng.internal.TestMethodWorker.run(TestMethodWorker.java:108)
	at org.testng.TestRunner.privateRun(TestRunner.java:774)
	at org.testng.TestRunner.run(TestRunner.java:624)
	at org.testng.SuiteRunner.runTest(SuiteRunner.java:359)
	at org.testng.SuiteRunner.runSequentially(SuiteRunner.java:354)
	at org.testng.SuiteRunner.privateRun(SuiteRunner.java:312)
	at org.testng.SuiteRunner.run(SuiteRunner.java:261)
	at org.testng.SuiteRunnerWorker.runSuite(SuiteRunnerWorker.java:52)
	at org.testng.SuiteRunnerWorker.run(SuiteRunnerWorker.java:86)
	at org.testng.TestNG.runSuitesSequentially(TestNG.java:1215)
	at org.testng.TestNG.runSuitesLocally(TestNG.java:1140)
	at org.testng.TestNG.run(TestNG.java:1048)
	at org.testng.remote.AbstractRemoteTestNG.run(AbstractRemoteTestNG.java:132)
	at org.testng.remote.RemoteTestNG.initAndRun(RemoteTestNG.java:236)
	at org.testng.remote.RemoteTestNG.main(RemoteTestNG.java:81)
]]>
    </error>
  </testcase> <!-- executeScipt -->
</testsuite> <!-- testCases.Bookmarks -->
