<?xml version="1.0" encoding="UTF-8"?>
<!-- Generated by org.testng.reporters.JUnitXMLReporter -->
<testsuite hostname="APSPNQ01LTP74" name="Test" tests="3" failures="3" timestamp="27 Apr 2018 11:30:50 GMT" time="0.646" errors="0">
  <testcase name="executeScipt" time="0.301" classname="testCases.Bookmarks">
    <failure type="java.lang.IllegalArgumentException" message="C:\Users\MS412651\git\CC_Regression\.\Extensions\extension_1_0_10.crx does not exist">
      <![CDATA[java.lang.IllegalArgumentException: C:\Users\MS412651\git\CC_Regression\.\Extensions\extension_1_0_10.crx does not exist
	at com.google.common.base.Preconditions.checkArgument(Preconditions.java:146)
	at org.openqa.selenium.chrome.ChromeOptions.addExtensions(ChromeOptions.java:145)
	at org.openqa.selenium.chrome.ChromeOptions.addExtensions(ChromeOptions.java:133)
	at testCases.Base.invokeChromeBrowserwithExtension(Base.java:80)
	at testCases.Base.driverInsWindows(Base.java:232)
	at testCases.Base.driverIns(Base.java:384)
	at testCases.Bookmarks.executeScipt(Bookmarks.java:33)
... Removed 24 stack frames]]>
    </failure>
  </testcase> <!-- executeScipt -->
  <testcase name="executeScript" time="0.201" classname="testCases.LoginPage">
    <failure type="java.lang.IllegalArgumentException" message="C:\Users\MS412651\git\CC_Regression\.\Extensions\extension_1_0_10.crx does not exist">
      <![CDATA[java.lang.IllegalArgumentException: C:\Users\MS412651\git\CC_Regression\.\Extensions\extension_1_0_10.crx does not exist
	at com.google.common.base.Preconditions.checkArgument(Preconditions.java:146)
	at org.openqa.selenium.chrome.ChromeOptions.addExtensions(ChromeOptions.java:145)
	at org.openqa.selenium.chrome.ChromeOptions.addExtensions(ChromeOptions.java:133)
	at testCases.Base.invokeChromeBrowserwithExtension(Base.java:80)
	at testCases.Base.driverInsWindows(Base.java:232)
	at testCases.Base.driverIns(Base.java:384)
	at testCases.LoginPage.executeScript(LoginPage.java:31)
... Removed 24 stack frames]]>
    </failure>
  </testcase> <!-- executeScript -->
  <testcase name="executeScipt" time="0.109" classname="testCases.Trusted_Sites">
    <failure type="java.lang.IllegalArgumentException" message="C:\Users\MS412651\git\CC_Regression\.\Extensions\extension_1_0_10.crx does not exist">
      <![CDATA[java.lang.IllegalArgumentException: C:\Users\MS412651\git\CC_Regression\.\Extensions\extension_1_0_10.crx does not exist
	at com.google.common.base.Preconditions.checkArgument(Preconditions.java:146)
	at org.openqa.selenium.chrome.ChromeOptions.addExtensions(ChromeOptions.java:145)
	at org.openqa.selenium.chrome.ChromeOptions.addExtensions(ChromeOptions.java:133)
	at testCases.Base.invokeChromeBrowserwithExtension(Base.java:80)
	at testCases.Base.driverInsWindows(Base.java:232)
	at testCases.Base.driverIns(Base.java:384)
	at testCases.Trusted_Sites.executeScipt(Trusted_Sites.java:33)
... Removed 24 stack frames]]>
    </failure>
  </testcase> <!-- executeScipt -->
</testsuite> <!-- Test -->
